2024-10-27 14:39:12,880 - INFO - Компьютер загадал N: 49, количество попыток k: 7
2024-10-27 14:39:14,980 - INFO - Пользователь ввел: 50
2024-10-27 14:39:14,980 - INFO - Угаданное число больше загаданного.
2024-10-27 14:39:16,847 - INFO - Пользователь ввел: 25
2024-10-27 14:39:16,847 - INFO - Угаданное число меньше загаданного.
2024-10-27 14:39:18,583 - INFO - Пользователь ввел: 35
2024-10-27 14:39:18,583 - INFO - Угаданное число меньше загаданного.
2024-10-27 14:39:21,485 - INFO - Пользователь ввел: 43
2024-10-27 14:39:21,485 - INFO - Угаданное число меньше загаданного.
2024-10-27 14:39:23,751 - INFO - Пользователь ввел: 48
2024-10-27 14:39:23,751 - INFO - Угаданное число меньше загаданного.
2024-10-27 14:39:25,871 - INFO - Пользователь ввел: 49
2024-10-27 14:39:25,871 - INFO - Пользователь угадал число.
2024-10-27 14:41:00,427 - INFO - Компьютер загадал N: 96, количество попыток k: 3
2024-10-27 14:41:02,098 - INFO - Пользователь ввел: 33
2024-10-27 14:41:02,098 - INFO - Угаданное число меньше загаданного.
2024-10-27 14:41:03,770 - INFO - Пользователь ввел: 66
2024-10-27 14:41:03,770 - INFO - Угаданное число меньше загаданного.
2024-10-27 14:41:06,086 - INFO - Пользователь ввел: 82
2024-10-27 14:41:06,086 - INFO - Угаданное число меньше загаданного.
2024-10-27 14:41:06,086 - INFO - Попытки закончились.
2024-10-27 17:26:20,588 - INFO - Компьютер загадал N: 67, количество попыток k: 3
2024-10-27 17:26:22,485 - INFO - Пользователь ввел: 53
2024-10-27 17:26:22,486 - INFO - Угаданное число меньше загаданного.
2024-10-27 17:26:25,649 - INFO - Пользователь ввел: 68
2024-10-27 17:26:25,649 - INFO - Угаданное число больше загаданного.
2024-10-27 17:26:30,917 - INFO - Пользователь ввел: 59
2024-10-27 17:26:30,917 - INFO - Угаданное число меньше загаданного.
2024-10-27 17:26:30,917 - INFO - Попытки закончились.
